This is pdfTeX, Version 3.14159265-2.6-1.40.18 (MiKTeX 2.9.6350 64-bit) (preloaded format=pdflatex 2017.7.12)  10 NOV 2019 03:17
entering extended mode
**./Assignment3.tex
(Assignment3.tex
LaTeX2e <2017-04-15>
Babel <3.10> and hyphenation patterns for 75 language(s) loaded.

! LaTeX Error: File `./TexStructure/Title.tex' not found.

Type X to quit or <RETURN> to proceed,
or enter new name. (Default extension: tex)

Enter file name: 
! Emergency stop.
<read *> 
         
l.4 \input{./TexStructure/Title}
                                
*** (cannot \read from terminal in nonstop modes)

 
Here is how much of TeX's memory you used:
 8 strings out of 493323
 136 string characters out of 3139069
 53648 words of memory out of 3000000
 3646 multiletter control sequences out of 15000+200000
 3640 words of font info for 14 fonts, out of 3000000 for 9000
 1141 hyphenation exceptions out of 8191
 7i,0n,6p,84b,8s stack positions out of 5000i,500n,10000p,200000b,50000s
!  ==> Fatal error occurred, no output PDF file produced!
